-------------------------------------------------------------------------------
Test set: my.app.skincarerecommender.repositories.IngredientRepositoryTest
-------------------------------------------------------------------------------
Tests run: 1, Failures: 0, Errors: 1, Skipped: 0, Time elapsed: 16.936 s <<< FAILURE! - in my.app.skincarerecommender.repositories.IngredientRepositoryTest
testFindByBasetype  Time elapsed: 0.789 s  <<< ERROR!
org.springframework.dao.DataIntegrityViolationException: could not execute statement; SQL [n/a]; constraint [PRIMARY]; nested exception is org.hibernate.exception.ConstraintViolationException: could not execute statement
	at my.app.skincarerecommender.repositories.IngredientRepositoryTest.testFindByBasetype(IngredientRepositoryTest.java:74)
Caused by: org.hibernate.exception.ConstraintViolationException: could not execute statement
	at my.app.skincarerecommender.repositories.IngredientRepositoryTest.testFindByBasetype(IngredientRepositoryTest.java:74)
Caused by: java.sql.SQLIntegrityConstraintViolationException: Duplicate entry '6' for key 'PRIMARY'
	at my.app.skincarerecommender.repositories.IngredientRepositoryTest.testFindByBasetype(IngredientRepositoryTest.java:74)

