<?xml version="1.0" encoding="UTF-8"?>
<testsuite xmlns:xsi="http://www.w3.org/2001/XMLSchema-instance" xsi:noNamespaceSchemaLocation="https://maven.apache.org/surefire/maven-surefire-plugin/xsd/surefire-test-report.xsd" name="my.app.skincarerecommender.repositories.IngredientRepositoryTest" time="16.936" tests="1" errors="1" skipped="0" failures="0">
  <properties>
[...]
</properties>
  <testcase name="testFindByBasetype" classname="my.app.skincarerecommender.repositories.IngredientRepositoryTest" time="0.789">
    <error message="could not execute statement; SQL [n/a]; constraint [PRIMARY]; nested exception is org.hibernate.exception.ConstraintViolationException: could not execute statement" type="org.springframework.dao.DataIntegrityViolationException">org.springframework.dao.DataIntegrityViolationException: could not execute statement; SQL [n/a]; constraint [PRIMARY]; nested exception is org.hibernate.exception.ConstraintViolationException: could not execute statement
	at my.app.skincarerecommender.repositories.IngredientRepositoryTest.testFindByBasetype(IngredientRepositoryTest.java:74)
Caused by: org.hibernate.exception.ConstraintViolationException: could not execute statement
	at my.app.skincarerecommender.repositories.IngredientRepositoryTest.testFindByBasetype(IngredientRepositoryTest.java:74)
Caused by: java.sql.SQLIntegrityConstraintViolationException: Duplicate entry '6' for key 'PRIMARY'
	at my.app.skincarerecommender.repositories.IngredientRepositoryTest.testFindByBasetype(IngredientRepositoryTest.java:74)
</error>
    <system-out><![CDATA[12:54:15.391 [main] DEBUG org.springframework.test.context.BootstrapUtils - Instantiating CacheAwareContextLoaderDelegate from class [org.springframework.test.context.cache.DefaultCacheAwareContextLoaderDelegate]
12:54:15.463 [main] DEBUG org.springframework.test.context.BootstrapUtils - Instantiating BootstrapContext using constructor [public org.springframework.test.context.support.DefaultBootstrapContext(java.lang.Class,org.springframework.test.context.CacheAwareContextLoaderDelegate)]
12:54:15.523 [main] DEBUG org.springframework.test.context.BootstrapUtils - Instantiating TestContextBootstrapper for test class [my.app.skincarerecommender.repositories.IngredientRepositoryTest] from class [org.springframework.boot.test.context.SpringBootTestContextBootstrapper]
12:54:15.551 [main] INFO org.springframework.boot.test.context.SpringBootTestContextBootstrapper - Neither @ContextConfiguration nor @ContextHierarchy found for test class [my.app.skincarerecommender.repositories.IngredientRepositoryTest], using SpringBootContextLoader
12:54:15.555 [main] DEBUG org.springframework.test.context.support.AbstractContextLoader - Did not detect default resource location for test class [my.app.skincarerecommender.repositories.IngredientRepositoryTest]: class path resource [my/app/skincarerecommender/repositories/IngredientRepositoryTest-context.xml] does not exist
12:54:15.556 [main] DEBUG org.springframework.test.context.support.AbstractContextLoader - Did not detect default resource location for test class [my.app.skincarerecommender.repositories.IngredientRepositoryTest]: class path resource [my/app/skincarerecommender/repositories/IngredientRepositoryTestContext.groovy] does not exist
12:54:15.557 [main] INFO org.springframework.test.context.support.AbstractContextLoader - Could not detect default resource locations for test class [my.app.skincarerecommender.repositories.IngredientRepositoryTest]: no resource found for suffixes {-context.xml, Context.groovy}.
12:54:15.558 [main] INFO org.springframework.test.context.support.AnnotationConfigContextLoaderUtils - Could not detect default configuration classes for test class [my.app.skincarerecommender.repositories.IngredientRepositoryTest]: IngredientRepositoryTest does not declare any static, non-private, non-final, nested classes annotated with @Configuration.
12:54:15.670 [main] DEBUG org.springframework.test.context.support.ActiveProfilesUtils - Could not find an 'annotation declaring class' for annotation type [org.springframework.test.context.ActiveProfiles] and class [my.app.skincarerecommender.repositories.IngredientRepositoryTest]
12:54:16.048 [main] DEBUG org.springframework.context.annotation.ClassPathScanningCandidateComponentProvider - Identified candidate component class: file [/Users/321crash/Desktop/repos/g10-mpls-0619-aventuro25/Summatives/mastery-ddwa/SkincareRecommender/target/classes/my/app/skincarerecommender/App.class]
12:54:16.050 [main] INFO org.springframework.boot.test.context.SpringBootTestContextBootstrapper - Found @SpringBootConfiguration my.app.skincarerecommender.App for test class my.app.skincarerecommender.repositories.IngredientRepositoryTest
12:54:16.261 [main] DEBUG org.springframework.boot.test.context.SpringBootTestContextBootstrapper - @TestExecutionListeners is not present for class [my.app.skincarerecommender.repositories.IngredientRepositoryTest]: using defaults.
12:54:16.262 [main] INFO org.springframework.boot.test.context.SpringBootTestContextBootstrapper - Loaded default TestExecutionListener class names from location [META-INF/spring.factories]: [org.springframework.boot.test.mock.mockito.MockitoTestExecutionListener, org.springframework.boot.test.mock.mockito.ResetMocksTestExecutionListener, org.springframework.boot.test.autoconfigure.restdocs.RestDocsTestExecutionListener, org.springframework.boot.test.autoconfigure.web.client.MockRestServiceServerResetTestExecutionListener, org.springframework.boot.test.autoconfigure.web.servlet.MockMvcPrintOnlyOnFailureTestExecutionListener, org.springframework.boot.test.autoconfigure.web.servlet.WebDriverTestExecutionListener, org.springframework.test.context.web.ServletTestExecutionListener, org.springframework.test.context.support.DirtiesContextBeforeModesTestExecutionListener, org.springframework.test.context.support.DependencyInjectionTestExecutionListener, org.springframework.test.context.support.DirtiesContextTestExecutionListener, org.springframework.test.context.transaction.TransactionalTestExecutionListener, org.springframework.test.context.jdbc.SqlScriptsTestExecutionListener, org.springframework.security.test.context.support.WithSecurityContextTestExecutionListener, org.springframework.security.test.context.support.ReactorContextTestExecutionListener]
12:54:16.308 [main] INFO org.springframework.boot.test.context.SpringBootTestContextBootstrapper - Using TestExecutionListeners: [org.springframework.test.context.web.ServletTestExecutionListener@1863d2fe, org.springframework.test.context.support.DirtiesContextBeforeModesTestExecutionListener@1787bc24, org.springframework.boot.test.mock.mockito.MockitoTestExecutionListener@544d57e, org.springframework.boot.test.autoconfigure.SpringBootDependencyInjectionTestExecutionListener@55c53a33, org.springframework.test.context.support.DirtiesContextTestExecutionListener@53b7f657, org.springframework.test.context.transaction.TransactionalTestExecutionListener@797b0699, org.springframework.test.context.jdbc.SqlScriptsTestExecutionListener@5a37d3ed, org.springframework.security.test.context.support.WithSecurityContextTestExecutionListener@26df6e3a, org.springframework.security.test.context.support.ReactorContextTestExecutionListener@4a3631f8, org.springframework.boot.test.mock.mockito.ResetMocksTestExecutionListener@6b58b9e9, org.springframework.boot.test.autoconfigure.restdocs.RestDocsTestExecutionListener@f14a7d4, org.springframework.boot.test.autoconfigure.web.client.MockRestServiceServerResetTestExecutionListener@52e7a6b2, org.springframework.boot.test.autoconfigure.web.servlet.MockMvcPrintOnlyOnFailureTestExecutionListener@29a5f4e7, org.springframework.boot.test.autoconfigure.web.servlet.WebDriverTestExecutionListener@79c97cb]
12:54:16.313 [main] DEBUG org.springframework.test.context.support.AbstractDirtiesContextTestExecutionListener - Before test class: context [DefaultTestContext@389c4eb1 testClass = IngredientRepositoryTest, testInstance = [null], testMethod = [null], testException = [null], mergedContextConfiguration = [WebMergedContextConfiguration@3fc79729 testClass = IngredientRepositoryTest, locations = '{}', classes = '{class my.app.skincarerecommender.App}', contextInitializerClasses = '[]', activeProfiles = '{}', propertySourceLocations = '{}', propertySourceProperties = '{org.springframework.boot.test.context.SpringBootTestContextBootstrapper=true}', contextCustomizers = set[org.springframework.boot.test.context.filter.ExcludeFilterContextCustomizer@510f3d34, org.springframework.boot.test.json.DuplicateJsonObjectContextCustomizerFactory$DuplicateJsonObjectContextCustomizer@2362f559, org.springframework.boot.test.mock.mockito.MockitoContextCustomizer@0, org.springframework.boot.test.web.client.TestRestTemplateContextCustomizer@3d34d211, org.springframework.boot.test.autoconfigure.properties.PropertyMappingContextCustomizer@0, org.springframework.boot.test.autoconfigure.web.servlet.WebDriverContextCustomizerFactory$Customizer@5b94b04d], resourceBasePath = 'src/main/webapp', contextLoader = 'org.springframework.boot.test.context.SpringBootContextLoader', parent = [null]], attributes = map['org.springframework.test.context.web.ServletTestExecutionListener.activateListener' -> true]], class annotated with @DirtiesContext [false] with mode [null].
12:54:16.399 [main] DEBUG org.springframework.test.context.support.TestPropertySourceUtils - Adding inlined properties to environment: {spring.jmx.enabled=false, org.springframework.boot.test.context.SpringBootTestContextBootstrapper=true, server.port=-1}

  .   ____          _            __ _ _
 /\\ / ___'_ __ _ _(_)_ __  __ _ \ \ \ \
( ( )\___ | '_ | '_| | '_ \/ _` | \ \ \ \
 \\/  ___)| |_)| | | | | || (_| |  ) ) ) )
  '  |____| .__|_| |_|_| |_\__, | / / / /
 =========|_|==============|___/=/_/_/_/
 :: Spring Boot ::        (v2.1.7.RELEASE)

2019-08-15 12:54:17.120  INFO 46573 --- [           main] m.a.s.r.IngredientRepositoryTest         : Starting IngredientRepositoryTest on Macintosh-26.local with PID 46573 (started by 321crash in /Users/321crash/Desktop/repos/g10-mpls-0619-aventuro25/Summatives/mastery-ddwa/SkincareRecommender)
2019-08-15 12:54:17.122  INFO 46573 --- [           main] m.a.s.r.IngredientRepositoryTest         : No active profile set, falling back to default profiles: default
2019-08-15 12:54:19.768  INFO 46573 --- [           main] .s.d.r.c.RepositoryConfigurationDelegate : Bootstrapping Spring Data repositories in DEFAULT mode.
2019-08-15 12:54:20.226  INFO 46573 --- [           main] .s.d.r.c.RepositoryConfigurationDelegate : Finished Spring Data repository scanning in 435ms. Found 15 repository interfaces.
2019-08-15 12:54:21.361  INFO 46573 --- [           main] trationDelegate$BeanPostProcessorChecker : Bean 'org.springframework.transaction.annotation.ProxyTransactionManagementConfiguration' of type [org.springframework.transaction.annotation.ProxyTransactionManagementConfiguration$$EnhancerBySpringCGLIB$$342da6b2] is not eligible for getting processed by all BeanPostProcessors (for example: not eligible for auto-proxying)
2019-08-15 12:54:21.953  INFO 46573 --- [           main] com.zaxxer.hikari.HikariDataSource       : HikariPool-1 - Starting...
2019-08-15 12:54:22.384  INFO 46573 --- [           main] com.zaxxer.hikari.HikariDataSource       : HikariPool-1 - Start completed.
2019-08-15 12:54:22.658  INFO 46573 --- [           main] o.hibernate.jpa.internal.util.LogHelper  : HHH000204: Processing PersistenceUnitInfo [
	name: default
	...]
2019-08-15 12:54:22.821  INFO 46573 --- [           main] org.hibernate.Version                    : HHH000412: Hibernate Core {5.3.10.Final}
2019-08-15 12:54:22.824  INFO 46573 --- [           main] org.hibernate.cfg.Environment            : HHH000206: hibernate.properties not found
2019-08-15 12:54:23.389  INFO 46573 --- [           main] o.hibernate.annotations.common.Version   : HCANN000001: Hibernate Commons Annotations {5.0.4.Final}
2019-08-15 12:54:23.742  INFO 46573 --- [           main] org.hibernate.dialect.Dialect            : HHH000400: Using dialect: org.hibernate.dialect.MySQL5Dialect
2019-08-15 12:54:25.954  INFO 46573 --- [           main] j.LocalContainerEntityManagerFactoryBean : Initialized JPA EntityManagerFactory for persistence unit 'default'
2019-08-15 12:54:28.516  INFO 46573 --- [           main] o.s.s.web.DefaultSecurityFilterChain     : Creating filter chain: any request, [org.springframework.security.web.context.request.async.WebAsyncManagerIntegrationFilter@75e92bb7, org.springframework.security.web.context.SecurityContextPersistenceFilter@74faf450, org.springframework.security.web.header.HeaderWriterFilter@43efe064, org.springframework.security.web.authentication.logout.LogoutFilter@320efff5, org.springframework.security.web.authentication.UsernamePasswordAuthenticationFilter@4777f71e, org.springframework.security.web.savedrequest.RequestCacheAwareFilter@6a2057e, org.springframework.security.web.servletapi.SecurityContextHolderAwareRequestFilter@1d6a0962, org.springframework.security.web.authentication.AnonymousAuthenticationFilter@2ebcbf9d, org.springframework.security.web.session.SessionManagementFilter@2c6a6ce3, org.springframework.security.web.access.ExceptionTranslationFilter@5020b59f, org.springframework.security.web.access.intercept.FilterSecurityInterceptor@72a61e61]
2019-08-15 12:54:29.872  INFO 46573 --- [           main] o.s.s.concurrent.ThreadPoolTaskExecutor  : Initializing ExecutorService 'applicationTaskExecutor'
2019-08-15 12:54:30.071  WARN 46573 --- [           main] aWebConfiguration$JpaWebMvcConfiguration : spring.jpa.open-in-view is enabled by default. Therefore, database queries may be performed during view rendering. Explicitly configure spring.jpa.open-in-view to disable this warning
2019-08-15 12:54:31.213  INFO 46573 --- [           main] m.a.s.r.IngredientRepositoryTest         : Started IngredientRepositoryTest in 14.78 seconds (JVM running for 17.824)
2019-08-15 12:54:31.294  INFO 46573 --- [           main] o.s.t.c.transaction.TransactionContext   : Began transaction (1) for test context [DefaultTestContext@389c4eb1 testClass = IngredientRepositoryTest, testInstance = my.app.skincarerecommender.repositories.IngredientRepositoryTest@2b625e82, testMethod = testFindByBasetype@IngredientRepositoryTest, testException = [null], mergedContextConfiguration = [WebMergedContextConfiguration@3fc79729 testClass = IngredientRepositoryTest, locations = '{}', classes = '{class my.app.skincarerecommender.App}', contextInitializerClasses = '[]', activeProfiles = '{}', propertySourceLocations = '{}', propertySourceProperties = '{org.springframework.boot.test.context.SpringBootTestContextBootstrapper=true}', contextCustomizers = set[org.springframework.boot.test.context.filter.ExcludeFilterContextCustomizer@510f3d34, org.springframework.boot.test.json.DuplicateJsonObjectContextCustomizerFactory$DuplicateJsonObjectContextCustomizer@2362f559, org.springframework.boot.test.mock.mockito.MockitoContextCustomizer@0, org.springframework.boot.test.web.client.TestRestTemplateContextCustomizer@3d34d211, org.springframework.boot.test.autoconfigure.properties.PropertyMappingContextCustomizer@0, org.springframework.boot.test.autoconfigure.web.servlet.WebDriverContextCustomizerFactory$Customizer@5b94b04d], resourceBasePath = 'src/main/webapp', contextLoader = 'org.springframework.boot.test.context.SpringBootContextLoader', parent = [null]], attributes = map['org.springframework.test.context.web.ServletTestExecutionListener.activateListener' -> true, 'org.springframework.test.context.web.ServletTestExecutionListener.populatedRequestContextHolder' -> true, 'org.springframework.test.context.web.ServletTestExecutionListener.resetRequestContextHolder' -> true]]; transaction manager [org.springframework.orm.jpa.JpaTransactionManager@59700156]; rollback [true]
Hibernate: insert into Ingredient (ingredientname) values (?)
Hibernate: insert into Ingredient (ingredientname) values (?)
Hibernate: insert into Base (basetype) values (?)
Hibernate: update Ingredient set ingredientid=? where ingredientid=?
2019-08-15 12:54:32.008  WARN 46573 --- [           main] o.h.engine.jdbc.spi.SqlExceptionHelper   : SQL Error: 1062, SQLState: 23000
2019-08-15 12:54:32.009 ERROR 46573 --- [           main] o.h.engine.jdbc.spi.SqlExceptionHelper   : Duplicate entry '6' for key 'PRIMARY'
2019-08-15 12:54:32.010  INFO 46573 --- [           main] o.h.e.j.b.internal.AbstractBatchImpl     : HHH000010: On release of batch it still contained JDBC statements
2019-08-15 12:54:32.038  INFO 46573 --- [           main] o.s.t.c.transaction.TransactionContext   : Rolled back transaction for test: [DefaultTestContext@389c4eb1 testClass = IngredientRepositoryTest, testInstance = my.app.skincarerecommender.repositories.IngredientRepositoryTest@2b625e82, testMethod = testFindByBasetype@IngredientRepositoryTest, testException = org.springframework.dao.DataIntegrityViolationException: could not execute statement; SQL [n/a]; constraint [PRIMARY]; nested exception is org.hibernate.exception.ConstraintViolationException: could not execute statement, mergedContextConfiguration = [WebMergedContextConfiguration@3fc79729 testClass = IngredientRepositoryTest, locations = '{}', classes = '{class my.app.skincarerecommender.App}', contextInitializerClasses = '[]', activeProfiles = '{}', propertySourceLocations = '{}', propertySourceProperties = '{org.springframework.boot.test.context.SpringBootTestContextBootstrapper=true}', contextCustomizers = set[org.springframework.boot.test.context.filter.ExcludeFilterContextCustomizer@510f3d34, org.springframework.boot.test.json.DuplicateJsonObjectContextCustomizerFactory$DuplicateJsonObjectContextCustomizer@2362f559, org.springframework.boot.test.mock.mockito.MockitoContextCustomizer@0, org.springframework.boot.test.web.client.TestRestTemplateContextCustomizer@3d34d211, org.springframework.boot.test.autoconfigure.properties.PropertyMappingContextCustomizer@0, org.springframework.boot.test.autoconfigure.web.servlet.WebDriverContextCustomizerFactory$Customizer@5b94b04d], resourceBasePath = 'src/main/webapp', contextLoader = 'org.springframework.boot.test.context.SpringBootContextLoader', parent = [null]], attributes = map['org.springframework.test.context.web.ServletTestExecutionListener.activateListener' -> true, 'org.springframework.test.context.web.ServletTestExecutionListener.populatedRequestContextHolder' -> true, 'org.springframework.test.context.web.ServletTestExecutionListener.resetRequestContextHolder' -> true]]
]]></system-out>
  </testcase>
</testsuite>